10/12/22 12:00:07 PM [    INFO] ********************** Model 2022-10-12 12:00:07.604475 ********************** (model.py:118)
10/12/22 12:00:07 PM [    INFO] BOUNDED REASONING LOOP (model.py:524)
10/12/22 12:00:07 PM [    INFO] ---------------------- (model.py:533)
10/12/22 12:00:07 PM [    INFO] REASONING STEP:0 (model.py:534)
10/12/22 12:00:07 PM [    INFO] ↑ BOUNDS UPDATED TIGHTENED:1.0 FOR:'(visited_room(0) ∧ found_room(0))' FORMULA:1  (connective_neuron.py:110)
10/12/22 12:00:07 PM [    INFO] ↑ BOUNDS UPDATED TIGHTENED:1.0 FOR:'((visited_room(0) ∧ found_room(0)) → ¬go_to_room(0))' FORMULA:0  (connective_neuron.py:110)
10/12/22 12:00:07 PM [    INFO] ↑ CONTRADICTION FOR:'((visited_room(0) ∧ found_room(0)) → ¬go_to_room(0))' FORMULA:0  (connective_neuron.py:117)
10/12/22 12:00:07 PM [    INFO] UPWARD INFERENCE RESULT:3.0 (model.py:441)
10/12/22 12:00:07 PM [    INFO] ---------------------- (model.py:533)
10/12/22 12:00:07 PM [    INFO] REASONING STEP:1 (model.py:534)
10/12/22 12:00:07 PM [    INFO] ↑ CONTRADICTION FOR:'((visited_room(0) ∧ found_room(0)) → ¬go_to_room(0))' FORMULA:0  (connective_neuron.py:117)
10/12/22 12:00:07 PM [    INFO] ====================== (model.py:559)
10/12/22 12:00:07 PM [    INFO] INFERENCE CONVERGED WITH 3.0 BOUNDS UPDATES IN 2 REASONING STEPS  (model.py:560)
10/12/22 12:00:07 PM [    INFO] ****************************************************************************** (model.py:565)
10/12/22 12:00:07 PM [    INFO] BOUNDED REASONING LOOP (model.py:524)
10/12/22 12:00:07 PM [    INFO] ---------------------- (model.py:533)
10/12/22 12:00:07 PM [    INFO] REASONING STEP:0 (model.py:534)
10/12/22 12:00:07 PM [    INFO] ↑ BOUNDS UPDATED TIGHTENED:1.0 FOR:'(visited_room(0) ∧ found_room(0))' FORMULA:1  (connective_neuron.py:110)
10/12/22 12:00:07 PM [    INFO] ↑ BOUNDS UPDATED TIGHTENED:1.0 FOR:'((visited_room(0) ∧ found_room(0)) → ¬go_to_room(0))' FORMULA:0  (connective_neuron.py:110)
10/12/22 12:00:07 PM [    INFO] ↑ BOUNDS UPDATED TIGHTENED:1.0 FOR:'(found_room(0) → go_to_room(0))' FORMULA:6  (connective_neuron.py:110)
10/12/22 12:00:07 PM [    INFO] UPWARD INFERENCE RESULT:4.0 (model.py:441)
10/12/22 12:00:07 PM [    INFO] ---------------------- (model.py:533)
10/12/22 12:00:07 PM [    INFO] REASONING STEP:1 (model.py:534)
10/12/22 12:00:07 PM [    INFO] ====================== (model.py:559)
10/12/22 12:00:07 PM [    INFO] INFERENCE CONVERGED WITH 4.0 BOUNDS UPDATES IN 2 REASONING STEPS  (model.py:560)
10/12/22 12:00:07 PM [    INFO] ****************************************************************************** (model.py:565)
10/12/22 12:00:07 PM [    INFO] BOUNDED REASONING LOOP (model.py:524)
10/12/22 12:00:07 PM [    INFO] ---------------------- (model.py:533)
10/12/22 12:00:07 PM [    INFO] REASONING STEP:0 (model.py:534)
10/12/22 12:00:07 PM [    INFO] ====================== (model.py:559)
10/12/22 12:00:07 PM [    INFO] INFERENCE CONVERGED WITH 0.0 BOUNDS UPDATES IN 1 REASONING STEPS  (model.py:560)
10/12/22 12:00:07 PM [    INFO] ****************************************************************************** (model.py:565)
10/12/22 12:00:07 PM [    INFO] BOUNDED REASONING LOOP (model.py:524)
10/12/22 12:00:07 PM [    INFO] ---------------------- (model.py:533)
10/12/22 12:00:07 PM [    INFO] REASONING STEP:0 (model.py:534)
10/12/22 12:00:07 PM [    INFO] ====================== (model.py:559)
10/12/22 12:00:07 PM [    INFO] INFERENCE CONVERGED WITH 0.0 BOUNDS UPDATES IN 1 REASONING STEPS  (model.py:560)
10/12/22 12:00:07 PM [    INFO] ****************************************************************************** (model.py:565)
