10/12/22 12:07:01 PM [    INFO] 
***************************************************************************
                                LNN Model
 (LNN_Shielding.py:32)
10/12/22 12:07:01 PM [    INFO] ***************************************************************************
 (LNN_Shielding.py:43)
10/12/22 12:07:01 PM [    INFO] True (LNN_Shielding.py:120)
10/12/22 12:07:01 PM [    INFO] 
***************************************************************************
                                LNN Model
 (LNN_Shielding.py:32)
10/12/22 12:07:01 PM [    INFO] ***************************************************************************
 (LNN_Shielding.py:43)
10/12/22 12:07:01 PM [    INFO] False (LNN_Shielding.py:129)
10/12/22 12:07:01 PM [    INFO] 
***************************************************************************
                                LNN Model
 (LNN_Shielding.py:32)
10/12/22 12:07:01 PM [    INFO] ***************************************************************************
 (LNN_Shielding.py:43)
10/12/22 12:07:01 PM [    INFO] False (LNN_Shielding.py:137)
10/12/22 12:07:01 PM [    INFO] 
***************************************************************************
                                LNN Model
 (LNN_Shielding.py:32)
10/12/22 12:07:01 PM [    INFO] ***************************************************************************
 (LNN_Shielding.py:43)
10/12/22 12:07:01 PM [    INFO] False (LNN_Shielding.py:145)
